<?xml version="1.0" encoding="UTF-8"?>
<!-- Generated by org.testng.reporters.JUnitXMLReporter -->
<testsuite ignored="0" hostname="01HW1825492" failures="0" tests="5" name="Default test" time="111.821" errors="0" timestamp="2025-01-08T08:16:54 IST">
  <testcase classname="TestNgpackage.program3" name="testcase1" time="22.307"/>
  <testcase classname="TestNgpackage.program3" name="testcase1" time="21.21"/>
  <testcase classname="TestNgpackage.program3" name="testcase1" time="19.7"/>
  <testcase classname="TestNgpackage.program3" name="testcase1" time="24.894"/>
  <testcase classname="TestNgpackage.program3" name="testcase1" time="23.541"/>
</testsuite> <!-- Default test -->
