<?xml version="1.0" encoding="UTF-8"?>
<!-- Generated by org.testng.reporters.JUnitXMLReporter -->
<testsuite ignored="0" hostname="01HW1825492" failures="0" tests="3" name="Default test" time="0.054" errors="0" timestamp="2025-01-03T12:15:52 IST">
  <testcase classname="TestNgpackage.Program1" name="harini" time="0.007"/>
  <testcase classname="TestNgpackage.Program1" name="login" time="0.001"/>
  <testcase classname="TestNgpackage.Program1" name="registration" time="0.001"/>
</testsuite> <!-- Default test -->
