<?xml version="1.0" encoding="UTF-8"?>
<!-- Generated by org.testng.reporters.JUnitXMLReporter -->
<testsuite ignored="0" hostname="01HW1825492" failures="0" tests="5" name="Testing chrome" time="71.97" errors="0" timestamp="2025-01-10T08:39:41 IST">
  <testcase classname="TestNgpackage.Datadriven_parallel" name="testcase1" time="12.042"/>
  <testcase classname="TestNgpackage.Datadriven_parallel" name="testcase1" time="8.952"/>
  <testcase classname="TestNgpackage.Datadriven_parallel" name="testcase1" time="5.544"/>
  <testcase classname="TestNgpackage.Datadriven_parallel" name="testcase1" time="4.781"/>
  <testcase classname="TestNgpackage.Datadriven_parallel" name="testcase1" time="7.068"/>
</testsuite> <!-- Testing chrome -->
