<?xml version="1.0" encoding="UTF-8"?>
<!-- Generated by org.testng.reporters.JUnitXMLReporter -->
<testsuite ignored="0" hostname="01HW1825492" failures="0" tests="3" name="Test" time="0.065" errors="0" timestamp="2025-01-03T12:18:24 IST">
  <testcase classname="TestNgpackage.Program1" name="harini" time="0.01"/>
  <testcase classname="TestNgpackage.Program1" name="login" time="0.001"/>
  <testcase classname="TestNgpackage.Program1" name="registration" time="0.002"/>
</testsuite> <!-- Test -->
