<?xml version="1.0" encoding="UTF-8"?>
<!-- Generated by org.testng.reporters.JUnitXMLReporter -->
<testsuite ignored="0" hostname="01HW1825492" failures="0" tests="5" name="Testing edge" time="83.632" errors="0" timestamp="2025-01-10T08:39:52 IST">
  <testcase classname="TestNgpackage.Datadriven_parallel" name="testcase1" time="5.355"/>
  <testcase classname="TestNgpackage.Datadriven_parallel" name="testcase1" time="3.849"/>
  <testcase classname="TestNgpackage.Datadriven_parallel" name="testcase1" time="5.155"/>
  <testcase classname="TestNgpackage.Datadriven_parallel" name="testcase1" time="4.047"/>
  <testcase classname="TestNgpackage.Datadriven_parallel" name="testcase1" time="5.288"/>
</testsuite> <!-- Testing edge -->
