<?xml version="1.0" encoding="UTF-8"?>
<testng-results ignored="0" total="3" passed="3" failed="0" skipped="0">
  <reporter-output>
  </reporter-output>
  <suite started-at="2025-01-03T12:18:24 IST" name="Suite" finished-at="2025-01-03T12:18:24 IST" duration-ms="65">
    <groups>
    </groups>
    <test started-at="2025-01-03T12:18:24 IST" name="Test" finished-at="2025-01-03T12:18:24 IST" duration-ms="65">
      <class name="TestNgpackage.Program1">
        <test-method signature="harini()[pri:0, instance:TestNgpackage.Program1@a38c7fe]" started-at="2025-01-03T12:18:24 IST" name="harini" finished-at="2025-01-03T12:18:24 IST" duration-ms="10" status="PASS">
          <reporter-output>
          </reporter-output>
        </test-method> <!-- harini -->
        <test-method signature="login()[pri:0, instance:TestNgpackage.Program1@a38c7fe]" started-at="2025-01-03T12:18:24 IST" name="login" finished-at="2025-01-03T12:18:24 IST" duration-ms="1" status="PASS">
          <reporter-output>
          </reporter-output>
        </test-method> <!-- login -->
        <test-method signature="registration()[pri:0, instance:TestNgpackage.Program1@a38c7fe]" started-at="2025-01-03T12:18:24 IST" name="registration" finished-at="2025-01-03T12:18:24 IST" duration-ms="2" status="PASS">
          <reporter-output>
          </reporter-output>
        </test-method> <!-- registration -->
      </class> <!-- TestNgpackage.Program1 -->
    </test> <!-- Test -->
  </suite> <!-- Suite -->
</testng-results>
