<?xml version="1.0" encoding="UTF-8"?>
<testng-results ignored="0" total="1" passed="1" failed="0" skipped="0">
  <reporter-output>
  </reporter-output>
  <suite started-at="2025-01-18T09:14:47 IST" name="Default suite" finished-at="2025-01-18T09:15:06 IST" duration-ms="18629">
    <groups>
    </groups>
    <test started-at="2025-01-18T09:14:47 IST" name="Default test" finished-at="2025-01-18T09:15:06 IST" duration-ms="18629">
      <class name="TestNgpackage.Amazon_login_logout_assert">
        <test-method signature="testcase()[pri:0, instance:TestNgpackage.Amazon_login_logout_assert@3e08ff24]" started-at="2025-01-18T09:14:47 IST" name="testcase" finished-at="2025-01-18T09:15:06 IST" duration-ms="18539" status="PASS">
          <reporter-output>
          </reporter-output>
        </test-method> <!-- testcase -->
      </class> <!-- TestNgpackage.Amazon_login_logout_assert -->
    </test> <!-- Default test -->
  </suite> <!-- Default suite -->
</testng-results>
